<?xml version="1.0" encoding="UTF-8"?>
<testsuite name="com.example.readwordspring.ReadwordspringApplicationTests" tests="1" skipped="0" failures="0" errors="0" timestamp="2021-08-23T10:18:30" hostname="DESKTOP-DLPLRCQ" time="0.718">
  <properties/>
  <testcase name="contextLoads()" classname="com.example.readwordspring.ReadwordspringApplicationTests" time="0.718"/>
  <system-out><![CDATA[12:18:26.581 [Test worker] DEBUG org.springframework.test.context.BootstrapUtils - Instantiating CacheAwareContextLoaderDelegate from class [org.springframework.test.context.cache.DefaultCacheAwareContextLoaderDelegate]
12:18:26.595 [Test worker] DEBUG org.springframework.test.context.BootstrapUtils - Instantiating BootstrapContext using constructor [public org.springframework.test.context.support.DefaultBootstrapContext(java.lang.Class,org.springframework.test.context.CacheAwareContextLoaderDelegate)]
12:18:26.639 [Test worker] DEBUG org.springframework.test.context.BootstrapUtils - Instantiating TestContextBootstrapper for test class [com.example.readwordspring.ReadwordspringApplicationTests] from class [org.springframework.boot.test.context.SpringBootTestContextBootstrapper]
12:18:26.652 [Test worker] INFO org.springframework.boot.test.context.SpringBootTestContextBootstrapper - Neither @ContextConfiguration nor @ContextHierarchy found for test class [com.example.readwordspring.ReadwordspringApplicationTests], using SpringBootContextLoader
12:18:26.656 [Test worker] DEBUG org.springframework.test.context.support.AbstractContextLoader - Did not detect default resource location for test class [com.example.readwordspring.ReadwordspringApplicationTests]: class path resource [com/example/readwordspring/ReadwordspringApplicationTests-context.xml] does not exist
12:18:26.657 [Test worker] DEBUG org.springframework.test.context.support.AbstractContextLoader - Did not detect default resource location for test class [com.example.readwordspring.ReadwordspringApplicationTests]: class path resource [com/example/readwordspring/ReadwordspringApplicationTestsContext.groovy] does not exist
12:18:26.657 [Test worker] INFO org.springframework.test.context.support.AbstractContextLoader - Could not detect default resource locations for test class [com.example.readwordspring.ReadwordspringApplicationTests]: no resource found for suffixes {-context.xml, Context.groovy}.
12:18:26.657 [Test worker] INFO org.springframework.test.context.support.AnnotationConfigContextLoaderUtils - Could not detect default configuration classes for test class [com.example.readwordspring.ReadwordspringApplicationTests]: ReadwordspringApplicationTests does not declare any static, non-private, non-final, nested classes annotated with @Configuration.
12:18:26.711 [Test worker] DEBUG org.springframework.test.context.support.ActiveProfilesUtils - Could not find an 'annotation declaring class' for annotation type [org.springframework.test.context.ActiveProfiles] and class [com.example.readwordspring.ReadwordspringApplicationTests]
12:18:26.780 [Test worker] DEBUG org.springframework.context.annotation.ClassPathScanningCandidateComponentProvider - Identified candidate component class: file [C:\Users\faspe\Downloads\Prometeia\example.read.word.github.io\backend\code_java\readwordexample\readwordspring\build\classes\java\main\com\example\readwordspring\ReadWordSpringApplication.class]
12:18:26.781 [Test worker] INFO org.springframework.boot.test.context.SpringBootTestContextBootstrapper - Found @SpringBootConfiguration com.example.readwordspring.ReadWordSpringApplication for test class com.example.readwordspring.ReadwordspringApplicationTests
12:18:26.915 [Test worker] DEBUG org.springframework.boot.test.context.SpringBootTestContextBootstrapper - @TestExecutionListeners is not present for class [com.example.readwordspring.ReadwordspringApplicationTests]: using defaults.
12:18:26.915 [Test worker] INFO org.springframework.boot.test.context.SpringBootTestContextBootstrapper - Loaded default TestExecutionListener class names from location [META-INF/spring.factories]: [org.springframework.boot.test.autoconfigure.restdocs.RestDocsTestExecutionListener, org.springframework.boot.test.autoconfigure.web.client.MockRestServiceServerResetTestExecutionListener, org.springframework.boot.test.autoconfigure.web.servlet.MockMvcPrintOnlyOnFailureTestExecutionListener, org.springframework.boot.test.autoconfigure.web.servlet.WebDriverTestExecutionListener, org.springframework.boot.test.autoconfigure.webservices.client.MockWebServiceServerTestExecutionListener, org.springframework.boot.test.mock.mockito.MockitoTestExecutionListener, org.springframework.boot.test.mock.mockito.ResetMocksTestExecutionListener, org.springframework.test.context.web.ServletTestExecutionListener, org.springframework.test.context.support.DirtiesContextBeforeModesTestExecutionListener, org.springframework.test.context.event.ApplicationEventsTestExecutionListener, org.springframework.test.context.support.DependencyInjectionTestExecutionListener, org.springframework.test.context.support.DirtiesContextTestExecutionListener, org.springframework.test.context.transaction.TransactionalTestExecutionListener, org.springframework.test.context.jdbc.SqlScriptsTestExecutionListener, org.springframework.test.context.event.EventPublishingTestExecutionListener]
12:18:26.936 [Test worker] INFO org.springframework.boot.test.context.SpringBootTestContextBootstrapper - Using TestExecutionListeners: [org.springframework.test.context.web.ServletTestExecutionListener@68bb341f, org.springframework.test.context.support.DirtiesContextBeforeModesTestExecutionListener@714aefba, org.springframework.test.context.event.ApplicationEventsTestExecutionListener@5cf68a69, org.springframework.boot.test.mock.mockito.MockitoTestExecutionListener@76b972cd, org.springframework.boot.test.autoconfigure.SpringBootDependencyInjectionTestExecutionListener@4793bbc9, org.springframework.test.context.support.DirtiesContextTestExecutionListener@6102abbe, org.springframework.test.context.transaction.TransactionalTestExecutionListener@94fc035, org.springframework.test.context.jdbc.SqlScriptsTestExecutionListener@345de4cb, org.springframework.test.context.event.EventPublishingTestExecutionListener@6e4a4c7a, org.springframework.boot.test.autoconfigure.restdocs.RestDocsTestExecutionListener@1a615556, org.springframework.boot.test.autoconfigure.web.client.MockRestServiceServerResetTestExecutionListener@6dd86047, org.springframework.boot.test.autoconfigure.web.servlet.MockMvcPrintOnlyOnFailureTestExecutionListener@36f8aa8b, org.springframework.boot.test.autoconfigure.web.servlet.WebDriverTestExecutionListener@a6d19b2, org.springframework.boot.test.autoconfigure.webservices.client.MockWebServiceServerTestExecutionListener@1a36264c, org.springframework.boot.test.mock.mockito.ResetMocksTestExecutionListener@3442a715]
12:18:26.941 [Test worker] DEBUG org.springframework.test.context.support.AbstractDirtiesContextTestExecutionListener - Before test class: context [DefaultTestContext@7ff248d3 testClass = ReadwordspringApplicationTests, testInstance = [null], testMethod = [null], testException = [null], mergedContextConfiguration = [WebMergedContextConfiguration@5767203a testClass = ReadwordspringApplicationTests, locations = '{}', classes = '{class com.example.readwordspring.ReadWordSpringApplication}', contextInitializerClasses = '[]', activeProfiles = '{}', propertySourceLocations = '{}', propertySourceProperties = '{org.springframework.boot.test.context.SpringBootTestContextBootstrapper=true}', contextCustomizers = set[org.springframework.boot.test.autoconfigure.actuate.metrics.MetricsExportContextCustomizerFactory$DisableMetricExportContextCustomizer@3f1ed5c0, org.springframework.boot.test.autoconfigure.properties.PropertyMappingContextCustomizer@0, org.springframework.boot.test.autoconfigure.web.servlet.WebDriverContextCustomizerFactory$Customizer@5c3a1610, org.springframework.boot.test.context.filter.ExcludeFilterContextCustomizer@319beb78, org.springframework.boot.test.json.DuplicateJsonObjectContextCustomizerFactory$DuplicateJsonObjectContextCustomizer@77129300, org.springframework.boot.test.mock.mockito.MockitoContextCustomizer@0, org.springframework.boot.test.web.client.TestRestTemplateContextCustomizer@a834993, org.springframework.boot.test.context.SpringBootTestArgs@1, org.springframework.boot.test.context.SpringBootTestWebEnvironment@261265f2], resourceBasePath = 'src/main/webapp', contextLoader = 'org.springframework.boot.test.context.SpringBootContextLoader', parent = [null]], attributes = map['org.springframework.test.context.web.ServletTestExecutionListener.activateListener' -> true]], class annotated with @DirtiesContext [false] with mode [null].
12:18:26.979 [Test worker] DEBUG org.springframework.test.context.support.TestPropertySourceUtils - Adding inlined properties to environment: {spring.jmx.enabled=false, org.springframework.boot.test.context.SpringBootTestContextBootstrapper=true}

  .   ____          _            __ _ _
 /\\ / ___'_ __ _ _(_)_ __  __ _ \ \ \ \
( ( )\___ | '_ | '_| | '_ \/ _` | \ \ \ \
 \\/  ___)| |_)| | | | | || (_| |  ) ) ) )
  '  |____| .__|_| |_|_| |_\__, | / / / /
 =========|_|==============|___/=/_/_/_/
 :: Spring Boot ::                (v2.5.4)

2021-08-23 12:18:27.361  INFO 50924 --- [    Test worker] c.e.r.ReadwordspringApplicationTests     : Starting ReadwordspringApplicationTests using Java 16.0.2 on DESKTOP-DLPLRCQ with PID 50924 (started by faspe in C:\Users\faspe\Downloads\Prometeia\example.read.word.github.io\backend\code_java\readwordexample\readwordspring)
2021-08-23 12:18:27.366  INFO 50924 --- [    Test worker] c.e.r.ReadwordspringApplicationTests     : No active profile set, falling back to default profiles: default
2021-08-23 12:18:30.559  INFO 50924 --- [    Test worker] c.e.r.ReadwordspringApplicationTests     : Started ReadwordspringApplicationTests in 3.569 seconds (JVM running for 5.142)
]]></system-out>
  <system-err><![CDATA[]]></system-err>
</testsuite>
