<?xml version="1.0" encoding="UTF-8"?>
<testsuite name="com.example.readwordspring.ReadwordspringApplicationTests" tests="1" skipped="0" failures="0" errors="0" timestamp="2021-08-25T16:08:15" hostname="DESKTOP-2UCV4OB" time="0.754">
  <properties/>
  <testcase name="contextLoads()" classname="com.example.readwordspring.ReadwordspringApplicationTests" time="0.754"/>
  <system-out><![CDATA[18:08:12.080 [Test worker] DEBUG org.springframework.test.context.BootstrapUtils - Instantiating CacheAwareContextLoaderDelegate from class [org.springframework.test.context.cache.DefaultCacheAwareContextLoaderDelegate]
18:08:12.092 [Test worker] DEBUG org.springframework.test.context.BootstrapUtils - Instantiating BootstrapContext using constructor [public org.springframework.test.context.support.DefaultBootstrapContext(java.lang.Class,org.springframework.test.context.CacheAwareContextLoaderDelegate)]
18:08:12.124 [Test worker] DEBUG org.springframework.test.context.BootstrapUtils - Instantiating TestContextBootstrapper for test class [com.example.readwordspring.ReadwordspringApplicationTests] from class [org.springframework.boot.test.context.SpringBootTestContextBootstrapper]
18:08:12.146 [Test worker] INFO org.springframework.boot.test.context.SpringBootTestContextBootstrapper - Neither @ContextConfiguration nor @ContextHierarchy found for test class [com.example.readwordspring.ReadwordspringApplicationTests], using SpringBootContextLoader
18:08:12.150 [Test worker] DEBUG org.springframework.test.context.support.AbstractContextLoader - Did not detect default resource location for test class [com.example.readwordspring.ReadwordspringApplicationTests]: class path resource [com/example/readwordspring/ReadwordspringApplicationTests-context.xml] does not exist
18:08:12.150 [Test worker] DEBUG org.springframework.test.context.support.AbstractContextLoader - Did not detect default resource location for test class [com.example.readwordspring.ReadwordspringApplicationTests]: class path resource [com/example/readwordspring/ReadwordspringApplicationTestsContext.groovy] does not exist
18:08:12.151 [Test worker] INFO org.springframework.test.context.support.AbstractContextLoader - Could not detect default resource locations for test class [com.example.readwordspring.ReadwordspringApplicationTests]: no resource found for suffixes {-context.xml, Context.groovy}.
18:08:12.151 [Test worker] INFO org.springframework.test.context.support.AnnotationConfigContextLoaderUtils - Could not detect default configuration classes for test class [com.example.readwordspring.ReadwordspringApplicationTests]: ReadwordspringApplicationTests does not declare any static, non-private, non-final, nested classes annotated with @Configuration.
18:08:12.205 [Test worker] DEBUG org.springframework.test.context.support.ActiveProfilesUtils - Could not find an 'annotation declaring class' for annotation type [org.springframework.test.context.ActiveProfiles] and class [com.example.readwordspring.ReadwordspringApplicationTests]
18:08:12.274 [Test worker] DEBUG org.springframework.context.annotation.ClassPathScanningCandidateComponentProvider - Identified candidate component class: file [C:\Users\Admin\Downloads\Prometeia\example.read.word.github.io\backend\code_java\readwordexample\readwordspring\build\classes\java\main\com\example\readwordspring\ReadWordSpringApplication.class]
18:08:12.275 [Test worker] INFO org.springframework.boot.test.context.SpringBootTestContextBootstrapper - Found @SpringBootConfiguration com.example.readwordspring.ReadWordSpringApplication for test class com.example.readwordspring.ReadwordspringApplicationTests
18:08:12.396 [Test worker] DEBUG org.springframework.boot.test.context.SpringBootTestContextBootstrapper - @TestExecutionListeners is not present for class [com.example.readwordspring.ReadwordspringApplicationTests]: using defaults.
18:08:12.397 [Test worker] INFO org.springframework.boot.test.context.SpringBootTestContextBootstrapper - Loaded default TestExecutionListener class names from location [META-INF/spring.factories]: [org.springframework.boot.test.autoconfigure.restdocs.RestDocsTestExecutionListener, org.springframework.boot.test.autoconfigure.web.client.MockRestServiceServerResetTestExecutionListener, org.springframework.boot.test.autoconfigure.web.servlet.MockMvcPrintOnlyOnFailureTestExecutionListener, org.springframework.boot.test.autoconfigure.web.servlet.WebDriverTestExecutionListener, org.springframework.boot.test.autoconfigure.webservices.client.MockWebServiceServerTestExecutionListener, org.springframework.boot.test.mock.mockito.MockitoTestExecutionListener, org.springframework.boot.test.mock.mockito.ResetMocksTestExecutionListener, org.springframework.test.context.web.ServletTestExecutionListener, org.springframework.test.context.support.DirtiesContextBeforeModesTestExecutionListener, org.springframework.test.context.event.ApplicationEventsTestExecutionListener, org.springframework.test.context.support.DependencyInjectionTestExecutionListener, org.springframework.test.context.support.DirtiesContextTestExecutionListener, org.springframework.test.context.transaction.TransactionalTestExecutionListener, org.springframework.test.context.jdbc.SqlScriptsTestExecutionListener, org.springframework.test.context.event.EventPublishingTestExecutionListener]
18:08:12.420 [Test worker] INFO org.springframework.boot.test.context.SpringBootTestContextBootstrapper - Using TestExecutionListeners: [org.springframework.test.context.web.ServletTestExecutionListener@17140e96, org.springframework.test.context.support.DirtiesContextBeforeModesTestExecutionListener@7f536853, org.springframework.test.context.event.ApplicationEventsTestExecutionListener@13f4008b, org.springframework.boot.test.mock.mockito.MockitoTestExecutionListener@428ff87f, org.springframework.boot.test.autoconfigure.SpringBootDependencyInjectionTestExecutionListener@75582e06, org.springframework.test.context.support.DirtiesContextTestExecutionListener@112dd10e, org.springframework.test.context.transaction.TransactionalTestExecutionListener@22ee6bf8, org.springframework.test.context.jdbc.SqlScriptsTestExecutionListener@1f9f33da, org.springframework.test.context.event.EventPublishingTestExecutionListener@2b831631, org.springframework.boot.test.autoconfigure.restdocs.RestDocsTestExecutionListener@54d907ee, org.springframework.boot.test.autoconfigure.web.client.MockRestServiceServerResetTestExecutionListener@5b91726, org.springframework.boot.test.autoconfigure.web.servlet.MockMvcPrintOnlyOnFailureTestExecutionListener@63dee5a8, org.springframework.boot.test.autoconfigure.web.servlet.WebDriverTestExecutionListener@505f557c, org.springframework.boot.test.autoconfigure.webservices.client.MockWebServiceServerTestExecutionListener@4c25ceee, org.springframework.boot.test.mock.mockito.ResetMocksTestExecutionListener@168f06b]
18:08:12.426 [Test worker] DEBUG org.springframework.test.context.support.AbstractDirtiesContextTestExecutionListener - Before test class: context [DefaultTestContext@6c7a95a4 testClass = ReadwordspringApplicationTests, testInstance = [null], testMethod = [null], testException = [null], mergedContextConfiguration = [WebMergedContextConfiguration@121fab48 testClass = ReadwordspringApplicationTests, locations = '{}', classes = '{class com.example.readwordspring.ReadWordSpringApplication}', contextInitializerClasses = '[]', activeProfiles = '{}', propertySourceLocations = '{}', propertySourceProperties = '{org.springframework.boot.test.context.SpringBootTestContextBootstrapper=true}', contextCustomizers = set[org.springframework.boot.test.autoconfigure.actuate.metrics.MetricsExportContextCustomizerFactory$DisableMetricExportContextCustomizer@1f41166c, org.springframework.boot.test.autoconfigure.properties.PropertyMappingContextCustomizer@0, org.springframework.boot.test.autoconfigure.web.servlet.WebDriverContextCustomizerFactory$Customizer@51fb8e2b, org.springframework.boot.test.context.filter.ExcludeFilterContextCustomizer@2fd8f225, org.springframework.boot.test.json.DuplicateJsonObjectContextCustomizerFactory$DuplicateJsonObjectContextCustomizer@56673f77, org.springframework.boot.test.mock.mockito.MockitoContextCustomizer@0, org.springframework.boot.test.web.client.TestRestTemplateContextCustomizer@2ad2a27e, org.springframework.boot.test.context.SpringBootTestArgs@1, org.springframework.boot.test.context.SpringBootTestWebEnvironment@e2bb279], resourceBasePath = 'src/main/webapp', contextLoader = 'org.springframework.boot.test.context.SpringBootContextLoader', parent = [null]], attributes = map['org.springframework.test.context.web.ServletTestExecutionListener.activateListener' -> true]], class annotated with @DirtiesContext [false] with mode [null].
18:08:12.463 [Test worker] DEBUG org.springframework.test.context.support.TestPropertySourceUtils - Adding inlined properties to environment: {spring.jmx.enabled=false, org.springframework.boot.test.context.SpringBootTestContextBootstrapper=true}

  .   ____          _            __ _ _
 /\\ / ___'_ __ _ _(_)_ __  __ _ \ \ \ \
( ( )\___ | '_ | '_| | '_ \/ _` | \ \ \ \
 \\/  ___)| |_)| | | | | || (_| |  ) ) ) )
  '  |____| .__|_| |_|_| |_\__, | / / / /
 =========|_|==============|___/=/_/_/_/
 :: Spring Boot ::                (v2.5.4)

2021-08-25 18:08:12.784  INFO 5368 --- [    Test worker] c.e.r.ReadwordspringApplicationTests     : Starting ReadwordspringApplicationTests using Java 16.0.2 on DESKTOP-2UCV4OB with PID 5368 (started by Admin in C:\Users\Admin\Downloads\Prometeia\example.read.word.github.io\backend\code_java\readwordexample\readwordspring)
2021-08-25 18:08:12.788  INFO 5368 --- [    Test worker] c.e.r.ReadwordspringApplicationTests     : No active profile set, falling back to default profiles: default
2021-08-25 18:08:15.214  INFO 5368 --- [    Test worker] c.e.r.ReadwordspringApplicationTests     : Started ReadwordspringApplicationTests in 2.741 seconds (JVM running for 3.986)
]]></system-out>
  <system-err><![CDATA[]]></system-err>
</testsuite>
